Performing C SOURCE FILE Test PLIBSYS_HAS_PTHREAD_NP failed with the following output:
Change Dir: /home/nilesh/Desktop/ego1155/WinLinux/PfxApp/Sources/plibsys/ubuntu/CMakeFiles/CMakeTmp

Run Build Command(s):/usr/bin/make cmTC_81c76/fast && /usr/bin/make -f CMakeFiles/cmTC_81c76.dir/build.make CMakeFiles/cmTC_81c76.dir/build
make[1]: Entering directory '/home/nilesh/Desktop/ego1155/WinLinux/PfxApp/Sources/plibsys/ubuntu/CMakeFiles/CMakeTmp'
Building C object CMakeFiles/cmTC_81c76.dir/src.c.o
/usr/bin/cc -D_GNU_SOURCE -D_REENTRANT  -DPLIBSYS_HAS_PTHREAD_NP   -o CMakeFiles/cmTC_81c76.dir/src.c.o   -c /home/nilesh/Desktop/ego1155/WinLinux/PfxApp/Sources/plibsys/ubuntu/CMakeFiles/CMakeTmp/src.c
/home/nilesh/Desktop/ego1155/WinLinux/PfxApp/Sources/plibsys/ubuntu/CMakeFiles/CMakeTmp/src.c:2:36: fatal error: pthread_np.h: No such file or directory
    2 |                           #include <pthread_np.h>
      |                                    ^~~~~~~~~~~~~~
compilation terminated.
make[1]: *** [CMakeFiles/cmTC_81c76.dir/build.make:66: CMakeFiles/cmTC_81c76.dir/src.c.o] Error 1
make[1]: Leaving directory '/home/nilesh/Desktop/ego1155/WinLinux/PfxApp/Sources/plibsys/ubuntu/CMakeFiles/CMakeTmp'
make: *** [Makefile:121: cmTC_81c76/fast] Error 2


Source file was:
#include <pthread.h>
                          #include <pthread_np.h>

                         int main () {return 0;}
Performing C SOURCE FILE Test PLIBSYS_HAS_POSIX_SETNAME_NP_1 failed with the following output:
Change Dir: /home/nilesh/Desktop/ego1155/WinLinux/PfxApp/Sources/plibsys/ubuntu/CMakeFiles/CMakeTmp

Run Build Command(s):/usr/bin/make cmTC_e4e6b/fast && /usr/bin/make -f CMakeFiles/cmTC_e4e6b.dir/build.make CMakeFiles/cmTC_e4e6b.dir/build
make[1]: Entering directory '/home/nilesh/Desktop/ego1155/WinLinux/PfxApp/Sources/plibsys/ubuntu/CMakeFiles/CMakeTmp'
Building C object CMakeFiles/cmTC_e4e6b.dir/src.c.o
/usr/bin/cc -D_GNU_SOURCE -D_REENTRANT  -DPLIBSYS_HAS_POSIX_SETNAME_NP_1   -o CMakeFiles/cmTC_e4e6b.dir/src.c.o   -c /home/nilesh/Desktop/ego1155/WinLinux/PfxApp/Sources/plibsys/ubuntu/CMakeFiles/CMakeTmp/src.c
/home/nilesh/Desktop/ego1155/WinLinux/PfxApp/Sources/plibsys/ubuntu/CMakeFiles/CMakeTmp/src.c: In function ‘main’:
/home/nilesh/Desktop/ego1155/WinLinux/PfxApp/Sources/plibsys/ubuntu/CMakeFiles/CMakeTmp/src.c:5:45: warning: passing argument 1 of ‘pthread_setname_np’ makes integer from pointer without a cast [-Wint-conversion]
    5 |                         pthread_setname_np ("thread_name");
      |                                             ^~~~~~~~~~~~~
      |                                             |
      |                                             char *
In file included from /home/nilesh/Desktop/ego1155/WinLinux/PfxApp/Sources/plibsys/ubuntu/CMakeFiles/CMakeTmp/src.c:2:
/usr/include/pthread.h:427:42: note: expected ‘pthread_t’ {aka ‘long unsigned int’} but argument is of type ‘char *’
  427 | extern int pthread_setname_np (pthread_t __target_thread, const char *__name)
      |                                ~~~~~~~~~~^~~~~~~~~~~~~~~
/home/nilesh/Desktop/ego1155/WinLinux/PfxApp/Sources/plibsys/ubuntu/CMakeFiles/CMakeTmp/src.c:5:25: error: too few arguments to function ‘pthread_setname_np’
    5 |                         pthread_setname_np ("thread_name");
      |                         ^~~~~~~~~~~~~~~~~~
In file included from /home/nilesh/Desktop/ego1155/WinLinux/PfxApp/Sources/plibsys/ubuntu/CMakeFiles/CMakeTmp/src.c:2:
/usr/include/pthread.h:427:12: note: declared here
  427 | extern int pthread_setname_np (pthread_t __target_thread, const char *__name)
      |            ^~~~~~~~~~~~~~~~~~
make[1]: *** [CMakeFiles/cmTC_e4e6b.dir/build.make:66: CMakeFiles/cmTC_e4e6b.dir/src.c.o] Error 1
make[1]: Leaving directory '/home/nilesh/Desktop/ego1155/WinLinux/PfxApp/Sources/plibsys/ubuntu/CMakeFiles/CMakeTmp'
make: *** [Makefile:121: cmTC_e4e6b/fast] Error 2


Source file was:

                     #include <pthread.h>

                     int main () {
                        pthread_setname_np ("thread_name");
                        return 0;
                     }
Performing C SOURCE FILE Test PLIBSYS_SOCKADDR_HAS_SA_LEN failed with the following output:
Change Dir: /home/nilesh/Desktop/ego1155/WinLinux/PfxApp/Sources/plibsys/ubuntu/CMakeFiles/CMakeTmp

Run Build Command(s):/usr/bin/make cmTC_1c246/fast && /usr/bin/make -f CMakeFiles/cmTC_1c246.dir/build.make CMakeFiles/cmTC_1c246.dir/build
make[1]: Entering directory '/home/nilesh/Desktop/ego1155/WinLinux/PfxApp/Sources/plibsys/ubuntu/CMakeFiles/CMakeTmp'
Building C object CMakeFiles/cmTC_1c246.dir/src.c.o
/usr/bin/cc -D_GNU_SOURCE -D_REENTRANT  -DPLIBSYS_SOCKADDR_HAS_SA_LEN   -o CMakeFiles/cmTC_1c246.dir/src.c.o   -c /home/nilesh/Desktop/ego1155/WinLinux/PfxApp/Sources/plibsys/ubuntu/CMakeFiles/CMakeTmp/src.c
/home/nilesh/Desktop/ego1155/WinLinux/PfxApp/Sources/plibsys/ubuntu/CMakeFiles/CMakeTmp/src.c: In function ‘main’:
/home/nilesh/Desktop/ego1155/WinLinux/PfxApp/Sources/plibsys/ubuntu/CMakeFiles/CMakeTmp/src.c:6:42: error: ‘struct sockaddr’ has no member named ‘sa_len’
    6 |                                 sock_addr.sa_len = 0;
      |                                          ^
make[1]: *** [CMakeFiles/cmTC_1c246.dir/build.make:66: CMakeFiles/cmTC_1c246.dir/src.c.o] Error 1
make[1]: Leaving directory '/home/nilesh/Desktop/ego1155/WinLinux/PfxApp/Sources/plibsys/ubuntu/CMakeFiles/CMakeTmp'
make: *** [Makefile:121: cmTC_1c246/fast] Error 2


Source file was:
#include <sys/types.h>
                                      #include <sys/socket.h>
                                      #include <netinet/in.h>
                          int main () {
                                struct sockaddr sock_addr;
                                sock_addr.sa_len = 0;

                                return 0;
                          }
Performing C SOURCE FILE Test PLIBSYS_HAS_GCC_VISIBILITY failed with the following output:
Change Dir: /home/nilesh/Desktop/ego1155/WinLinux/PfxApp/Sources/plibsys/ubuntu/CMakeFiles/CMakeTmp

Run Build Command(s):/usr/bin/make cmTC_39fb3/fast && /usr/bin/make -f CMakeFiles/cmTC_39fb3.dir/build.make CMakeFiles/cmTC_39fb3.dir/build
make[1]: Entering directory '/home/nilesh/Desktop/ego1155/WinLinux/PfxApp/Sources/plibsys/ubuntu/CMakeFiles/CMakeTmp'
Building C object CMakeFiles/cmTC_39fb3.dir/src.c.o
/usr/bin/cc -D_GNU_SOURCE -D_REENTRANT  -DPLIBSYS_HAS_GCC_VISIBILITY   -o CMakeFiles/cmTC_39fb3.dir/src.c.o   -c /home/nilesh/Desktop/ego1155/WinLinux/PfxApp/Sources/plibsys/ubuntu/CMakeFiles/CMakeTmp/src.c
/home/nilesh/Desktop/ego1155/WinLinux/PfxApp/Sources/plibsys/ubuntu/CMakeFiles/CMakeTmp/src.c: In function ‘main’:
/home/nilesh/Desktop/ego1155/WinLinux/PfxApp/Sources/plibsys/ubuntu/CMakeFiles/CMakeTmp/src.c:8:45: error: missing binary operator before token "!"
    8 |                                             !defined(_AIX)   && !defined(__CYGWIN__) && !defined(__MSYS__)
      |                                             ^
/home/nilesh/Desktop/ego1155/WinLinux/PfxApp/Sources/plibsys/ubuntu/CMakeFiles/CMakeTmp/src.c:11:41: error: ‘stop_compile_here’ undeclared (first use in this function)
   11 |                                         stop_compile_here
      |                                         ^~~~~~~~~~~~~~~~~
/home/nilesh/Desktop/ego1155/WinLinux/PfxApp/Sources/plibsys/ubuntu/CMakeFiles/CMakeTmp/src.c:11:41: note: each undeclared identifier is reported only once for each function it appears in
/home/nilesh/Desktop/ego1155/WinLinux/PfxApp/Sources/plibsys/ubuntu/CMakeFiles/CMakeTmp/src.c:11:58: error: expected ‘;’ before ‘}’ token
   11 |                                         stop_compile_here
      |                                                          ^
      |                                                          ;
   12 |                                         #endif
   13 |                                  }
      |                                  ~                        
make[1]: *** [CMakeFiles/cmTC_39fb3.dir/build.make:66: CMakeFiles/cmTC_39fb3.dir/src.c.o] Error 1
make[1]: Leaving directory '/home/nilesh/Desktop/ego1155/WinLinux/PfxApp/Sources/plibsys/ubuntu/CMakeFiles/CMakeTmp'
make: *** [Makefile:121: cmTC_39fb3/fast] Error 2


Source file was:
int main () {
                                        #if (__GNUC__ >= 4)   && !defined(_CRAYC) && \
                                            !defined(__sun)   && !defined(sun)    && \
                                            !defined(__hpux)  && !defined(hpux)   && \
                                            !defined(__sgi)   && !defined(sgi)    && \
                                            !defined(__osf__) && !defined(__osf)  && \
                                            !defined(__OS2__)                        \
                                            !defined(_AIX)   && !defined(__CYGWIN__) && !defined(__MSYS__)
                                        return 0;
                                        #else
                                        stop_compile_here
                                        #endif
                                 }
Performing C SOURCE FILE Test PLIBSYS_HAS_SUN_VISIBILITY failed with the following output:
Change Dir: /home/nilesh/Desktop/ego1155/WinLinux/PfxApp/Sources/plibsys/ubuntu/CMakeFiles/CMakeTmp

Run Build Command(s):/usr/bin/make cmTC_093fc/fast && /usr/bin/make -f CMakeFiles/cmTC_093fc.dir/build.make CMakeFiles/cmTC_093fc.dir/build
make[1]: Entering directory '/home/nilesh/Desktop/ego1155/WinLinux/PfxApp/Sources/plibsys/ubuntu/CMakeFiles/CMakeTmp'
Building C object CMakeFiles/cmTC_093fc.dir/src.c.o
/usr/bin/cc -D_GNU_SOURCE -D_REENTRANT  -DPLIBSYS_HAS_SUN_VISIBILITY   -o CMakeFiles/cmTC_093fc.dir/src.c.o   -c /home/nilesh/Desktop/ego1155/WinLinux/PfxApp/Sources/plibsys/ubuntu/CMakeFiles/CMakeTmp/src.c
/home/nilesh/Desktop/ego1155/WinLinux/PfxApp/Sources/plibsys/ubuntu/CMakeFiles/CMakeTmp/src.c: In function ‘main’:
/home/nilesh/Desktop/ego1155/WinLinux/PfxApp/Sources/plibsys/ubuntu/CMakeFiles/CMakeTmp/src.c:6:41: error: ‘stop_compile_here’ undeclared (first use in this function)
    6 |                                         stop_compile_here
      |                                         ^~~~~~~~~~~~~~~~~
/home/nilesh/Desktop/ego1155/WinLinux/PfxApp/Sources/plibsys/ubuntu/CMakeFiles/CMakeTmp/src.c:6:41: note: each undeclared identifier is reported only once for each function it appears in
/home/nilesh/Desktop/ego1155/WinLinux/PfxApp/Sources/plibsys/ubuntu/CMakeFiles/CMakeTmp/src.c:6:58: error: expected ‘;’ before ‘}’ token
    6 |                                         stop_compile_here
      |                                                          ^
      |                                                          ;
    7 |                                         #endif
    8 |                                  }
      |                                  ~                        
make[1]: *** [CMakeFiles/cmTC_093fc.dir/build.make:66: CMakeFiles/cmTC_093fc.dir/src.c.o] Error 1
make[1]: Leaving directory '/home/nilesh/Desktop/ego1155/WinLinux/PfxApp/Sources/plibsys/ubuntu/CMakeFiles/CMakeTmp'
make: *** [Makefile:121: cmTC_093fc/fast] Error 2


Source file was:
int main () {
                                        #if (defined(__SUNPRO_C) && (__SUNPRO_C >= 0x550)) || \
                                            (defined(__SUNPRO_CC) && (__SUNPRO_CC >= 0x5110))
                                        return 0;
                                        #else
                                        stop_compile_here
                                        #endif
                                 }
Performing C SOURCE FILE Test PLIBSYS_HAS_XLC_VISIBILITY failed with the following output:
Change Dir: /home/nilesh/Desktop/ego1155/WinLinux/PfxApp/Sources/plibsys/ubuntu/CMakeFiles/CMakeTmp

Run Build Command(s):/usr/bin/make cmTC_36f23/fast && /usr/bin/make -f CMakeFiles/cmTC_36f23.dir/build.make CMakeFiles/cmTC_36f23.dir/build
make[1]: Entering directory '/home/nilesh/Desktop/ego1155/WinLinux/PfxApp/Sources/plibsys/ubuntu/CMakeFiles/CMakeTmp'
Building C object CMakeFiles/cmTC_36f23.dir/src.c.o
/usr/bin/cc -D_GNU_SOURCE -D_REENTRANT  -DPLIBSYS_HAS_XLC_VISIBILITY   -o CMakeFiles/cmTC_36f23.dir/src.c.o   -c /home/nilesh/Desktop/ego1155/WinLinux/PfxApp/Sources/plibsys/ubuntu/CMakeFiles/CMakeTmp/src.c
/home/nilesh/Desktop/ego1155/WinLinux/PfxApp/Sources/plibsys/ubuntu/CMakeFiles/CMakeTmp/src.c: In function ‘main’:
/home/nilesh/Desktop/ego1155/WinLinux/PfxApp/Sources/plibsys/ubuntu/CMakeFiles/CMakeTmp/src.c:5:41: error: ‘stop_compile_here’ undeclared (first use in this function)
    5 |                                         stop_compile_here
      |                                         ^~~~~~~~~~~~~~~~~
/home/nilesh/Desktop/ego1155/WinLinux/PfxApp/Sources/plibsys/ubuntu/CMakeFiles/CMakeTmp/src.c:5:41: note: each undeclared identifier is reported only once for each function it appears in
/home/nilesh/Desktop/ego1155/WinLinux/PfxApp/Sources/plibsys/ubuntu/CMakeFiles/CMakeTmp/src.c:5:58: error: expected ‘;’ before ‘}’ token
    5 |                                         stop_compile_here
      |                                                          ^
      |                                                          ;
    6 |                                         #endif
    7 |                                  }
      |                                  ~                        
make[1]: *** [CMakeFiles/cmTC_36f23.dir/build.make:66: CMakeFiles/cmTC_36f23.dir/src.c.o] Error 1
make[1]: Leaving directory '/home/nilesh/Desktop/ego1155/WinLinux/PfxApp/Sources/plibsys/ubuntu/CMakeFiles/CMakeTmp'
make: *** [Makefile:121: cmTC_36f23/fast] Error 2


Source file was:
int main () {
                                        #if (defined(__xlC__) && (__xlC__ >= 0x0D01))
                                        return 0;
                                        #else
                                        stop_compile_here
                                        #endif
                                 }
Performing C SOURCE FILE Test PLIBSYS_HAS_HP_VISIBILITY failed with the following output:
Change Dir: /home/nilesh/Desktop/ego1155/WinLinux/PfxApp/Sources/plibsys/ubuntu/CMakeFiles/CMakeTmp

Run Build Command(s):/usr/bin/make cmTC_2fb3e/fast && /usr/bin/make -f CMakeFiles/cmTC_2fb3e.dir/build.make CMakeFiles/cmTC_2fb3e.dir/build
make[1]: Entering directory '/home/nilesh/Desktop/ego1155/WinLinux/PfxApp/Sources/plibsys/ubuntu/CMakeFiles/CMakeTmp'
Building C object CMakeFiles/cmTC_2fb3e.dir/src.c.o
/usr/bin/cc -D_GNU_SOURCE -D_REENTRANT  -DPLIBSYS_HAS_HP_VISIBILITY   -o CMakeFiles/cmTC_2fb3e.dir/src.c.o   -c /home/nilesh/Desktop/ego1155/WinLinux/PfxApp/Sources/plibsys/ubuntu/CMakeFiles/CMakeTmp/src.c
/home/nilesh/Desktop/ego1155/WinLinux/PfxApp/Sources/plibsys/ubuntu/CMakeFiles/CMakeTmp/src.c: In function ‘main’:
/home/nilesh/Desktop/ego1155/WinLinux/PfxApp/Sources/plibsys/ubuntu/CMakeFiles/CMakeTmp/src.c:6:41: error: ‘stop_compile_here’ undeclared (first use in this function)
    6 |                                         stop_compile_here
      |                                         ^~~~~~~~~~~~~~~~~
/home/nilesh/Desktop/ego1155/WinLinux/PfxApp/Sources/plibsys/ubuntu/CMakeFiles/CMakeTmp/src.c:6:41: note: each undeclared identifier is reported only once for each function it appears in
/home/nilesh/Desktop/ego1155/WinLinux/PfxApp/Sources/plibsys/ubuntu/CMakeFiles/CMakeTmp/src.c:6:58: error: expected ‘;’ before ‘}’ token
    6 |                                         stop_compile_here
      |                                                          ^
      |                                                          ;
    7 |                                         #endif
    8 |                                  }
      |                                  ~                        
make[1]: *** [CMakeFiles/cmTC_2fb3e.dir/build.make:66: CMakeFiles/cmTC_2fb3e.dir/src.c.o] Error 1
make[1]: Leaving directory '/home/nilesh/Desktop/ego1155/WinLinux/PfxApp/Sources/plibsys/ubuntu/CMakeFiles/CMakeTmp'
make: *** [Makefile:121: cmTC_2fb3e/fast] Error 2


Source file was:
int main () {
                                        #if (defined(__HP_cc)  && (__HP_cc >= 0x061500)) || \
                                            (defined(__HP_aCC) && (__HP_aCC >= 0x061500))
                                        return 0;
                                        #else
                                        stop_compile_here
                                        #endif
                                 }
